1747245659.861015 client started (12812): version 3.4, socket /private/tmp/tmux-501/default, protocol 8
1747245659.861221 on Darwin 24.4.0 Darwin Kernel Version 24.4.0: Fri Apr 11 18:33:39 PDT 2025; root:xnu-11417.101.15~117/RELEASE_ARM64_T6020
1747245659.861262 using libevent 2.1.12-stable select
1747245659.861321 using utf8proc 2.9.0
1747245659.861332 using ncurses 6.5 20240427
1747245659.861361 flags are 0x10010000
1747245659.861371 socket is /private/tmp/tmux-501/default
1747245659.861396 trying connect
1747245659.861490 add peer 0x158048000: 6 (0x0)
1747245659.864494 sending message 100 to peer 0x158048000 (4 bytes)
1747245659.864536 sending message 111 to peer 0x158048000 (8 bytes)
1747245659.864546 sending message 101 to peer 0x158048000 (15 bytes)
1747245659.864555 sending message 109 to peer 0x158048000 (4 bytes)
1747245659.864563 sending message 102 to peer 0x158048000 (13 bytes)
1747245659.864571 sending message 108 to peer 0x158048000 (30 bytes)
1747245659.864579 sending message 112 to peer 0x158048000 (58 bytes)
1747245659.864586 sending message 112 to peer 0x158048000 (5 bytes)
1747245659.864594 sending message 112 to peer 0x158048000 (5 bytes)
1747245659.864601 sending message 112 to peer 0x158048000 (6 bytes)
1747245659.864609 sending message 112 to peer 0x158048000 (6 bytes)
1747245659.864627 sending message 112 to peer 0x158048000 (11 bytes)
1747245659.864635 sending message 112 to peer 0x158048000 (10 bytes)
1747245659.864643 sending message 112 to peer 0x158048000 (13 bytes)
1747245659.864651 sending message 112 to peer 0x158048000 (14 bytes)
1747245659.864659 sending message 112 to peer 0x158048000 (19 bytes)
1747245659.864673 sending message 112 to peer 0x158048000 (11 bytes)
1747245659.864681 sending message 112 to peer 0x158048000 (10 bytes)
1747245659.864689 sending message 112 to peer 0x158048000 (15 bytes)
1747245659.864696 sending message 112 to peer 0x158048000 (21 bytes)
1747245659.864704 sending message 112 to peer 0x158048000 (13 bytes)
1747245659.864711 sending message 112 to peer 0x158048000 (7 bytes)
1747245659.864719 sending message 112 to peer 0x158048000 (13 bytes)
1747245659.864726 sending message 112 to peer 0x158048000 (7 bytes)
1747245659.864734 sending message 112 to peer 0x158048000 (13 bytes)
1747245659.864741 sending message 112 to peer 0x158048000 (9 bytes)
1747245659.864749 sending message 112 to peer 0x158048000 (21 bytes)
1747245659.864756 sending message 112 to peer 0x158048000 (13 bytes)
1747245659.864763 sending message 112 to peer 0x158048000 (9 bytes)
1747245659.864770 sending message 112 to peer 0x158048000 (16 bytes)
1747245659.864778 sending message 112 to peer 0x158048000 (13 bytes)
1747245659.864785 sending message 112 to peer 0x158048000 (9 bytes)
1747245659.864793 sending message 112 to peer 0x158048000 (9 bytes)
1747245659.864802 sending message 112 to peer 0x158048000 (12 bytes)
1747245659.864810 sending message 112 to peer 0x158048000 (8 bytes)
1747245659.864818 sending message 112 to peer 0x158048000 (8 bytes)
1747245659.864826 sending message 112 to peer 0x158048000 (13 bytes)
1747245659.864833 sending message 112 to peer 0x158048000 (7 bytes)
1747245659.864840 sending message 112 to peer 0x158048000 (7 bytes)
1747245659.864848 sending message 112 to peer 0x158048000 (9 bytes)
1747245659.864857 sending message 112 to peer 0x158048000 (9 bytes)
1747245659.864864 sending message 112 to peer 0x158048000 (15 bytes)
1747245659.864872 sending message 112 to peer 0x158048000 (13 bytes)
1747245659.864879 sending message 112 to peer 0x158048000 (12 bytes)
1747245659.864887 sending message 112 to peer 0x158048000 (8 bytes)
1747245659.864903 sending message 112 to peer 0x158048000 (14 bytes)
1747245659.864911 sending message 112 to peer 0x158048000 (11 bytes)
1747245659.864926 sending message 112 to peer 0x158048000 (9 bytes)
1747245659.864933 sending message 112 to peer 0x158048000 (10 bytes)
1747245659.864941 sending message 112 to peer 0x158048000 (10 bytes)
1747245659.864948 sending message 112 to peer 0x158048000 (10 bytes)
1747245659.864956 sending message 112 to peer 0x158048000 (10 bytes)
1747245659.864988 sending message 112 to peer 0x158048000 (11 bytes)
1747245659.864994 sending message 112 to peer 0x158048000 (12 bytes)
1747245659.865000 sending message 112 to peer 0x158048000 (12 bytes)
1747245659.865005 sending message 112 to peer 0x158048000 (12 bytes)
1747245659.865011 sending message 112 to peer 0x158048000 (12 bytes)
1747245659.865016 sending message 112 to peer 0x158048000 (12 bytes)
1747245659.865021 sending message 112 to peer 0x158048000 (11 bytes)
1747245659.865027 sending message 112 to peer 0x158048000 (11 bytes)
1747245659.865032 sending message 112 to peer 0x158048000 (12 bytes)
1747245659.865037 sending message 112 to peer 0x158048000 (12 bytes)
1747245659.865042 sending message 112 to peer 0x158048000 (12 bytes)
1747245659.865047 sending message 112 to peer 0x158048000 (12 bytes)
1747245659.865053 sending message 112 to peer 0x158048000 (12 bytes)
1747245659.865058 sending message 112 to peer 0x158048000 (9 bytes)
1747245659.865063 sending message 112 to peer 0x158048000 (12 bytes)
1747245659.865068 sending message 112 to peer 0x158048000 (13 bytes)
1747245659.865073 sending message 112 to peer 0x158048000 (13 bytes)
1747245659.865078 sending message 112 to peer 0x158048000 (13 bytes)
1747245659.865084 sending message 112 to peer 0x158048000 (13 bytes)
1747245659.865089 sending message 112 to peer 0x158048000 (13 bytes)
1747245659.865094 sending message 112 to peer 0x158048000 (8 bytes)
1747245659.865099 sending message 112 to peer 0x158048000 (11 bytes)
1747245659.865104 sending message 112 to peer 0x158048000 (11 bytes)
1747245659.865109 sending message 112 to peer 0x158048000 (11 bytes)
1747245659.865115 sending message 112 to peer 0x158048000 (12 bytes)
1747245659.865120 sending message 112 to peer 0x158048000 (12 bytes)
1747245659.865125 sending message 112 to peer 0x158048000 (12 bytes)
1747245659.865130 sending message 112 to peer 0x158048000 (12 bytes)
1747245659.865135 sending message 112 to peer 0x158048000 (13 bytes)
1747245659.865140 sending message 112 to peer 0x158048000 (13 bytes)
1747245659.865146 sending message 112 to peer 0x158048000 (13 bytes)
1747245659.865151 sending message 112 to peer 0x158048000 (8 bytes)
1747245659.865156 sending message 112 to peer 0x158048000 (13 bytes)
1747245659.865161 sending message 112 to peer 0x158048000 (13 bytes)
1747245659.865166 sending message 112 to peer 0x158048000 (13 bytes)
1747245659.865172 sending message 112 to peer 0x158048000 (13 bytes)
1747245659.865177 sending message 112 to peer 0x158048000 (13 bytes)
1747245659.865182 sending message 112 to peer 0x158048000 (12 bytes)
1747245659.865187 sending message 112 to peer 0x158048000 (12 bytes)
1747245659.865192 sending message 112 to peer 0x158048000 (12 bytes)
1747245659.865197 sending message 112 to peer 0x158048000 (12 bytes)
1747245659.865203 sending message 112 to peer 0x158048000 (13 bytes)
1747245659.865208 sending message 112 to peer 0x158048000 (8 bytes)
1747245659.865213 sending message 112 to peer 0x158048000 (13 bytes)
1747245659.865218 sending message 112 to peer 0x158048000 (13 bytes)
1747245659.865223 sending message 112 to peer 0x158048000 (13 bytes)
1747245659.865228 sending message 112 to peer 0x158048000 (13 bytes)
1747245659.865233 sending message 112 to peer 0x158048000 (13 bytes)
1747245659.865238 sending message 112 to peer 0x158048000 (13 bytes)
1747245659.865243 sending message 112 to peer 0x158048000 (13 bytes)
1747245659.865248 sending message 112 to peer 0x158048000 (12 bytes)
1747245659.865254 sending message 112 to peer 0x158048000 (12 bytes)
1747245659.865259 sending message 112 to peer 0x158048000 (12 bytes)
1747245659.865264 sending message 112 to peer 0x158048000 (8 bytes)
1747245659.865269 sending message 112 to peer 0x158048000 (12 bytes)
1747245659.865274 sending message 112 to peer 0x158048000 (13 bytes)
1747245659.865279 sending message 112 to peer 0x158048000 (13 bytes)
1747245659.865284 sending message 112 to peer 0x158048000 (13 bytes)
1747245659.865289 sending message 112 to peer 0x158048000 (13 bytes)
1747245659.865307 sending message 112 to peer 0x158048000 (13 bytes)
1747245659.865313 sending message 112 to peer 0x158048000 (13 bytes)
1747245659.865318 sending message 112 to peer 0x158048000 (13 bytes)
1747245659.865323 sending message 112 to peer 0x158048000 (13 bytes)
1747245659.865328 sending message 112 to peer 0x158048000 (12 bytes)
1747245659.865333 sending message 112 to peer 0x158048000 (10 bytes)
1747245659.865338 sending message 112 to peer 0x158048000 (12 bytes)
1747245659.865344 sending message 112 to peer 0x158048000 (12 bytes)
1747245659.865349 sending message 112 to peer 0x158048000 (12 bytes)
1747245659.865354 sending message 112 to peer 0x158048000 (13 bytes)
1747245659.865359 sending message 112 to peer 0x158048000 (13 bytes)
1747245659.865364 sending message 112 to peer 0x158048000 (13 bytes)
1747245659.865369 sending message 112 to peer 0x158048000 (13 bytes)
1747245659.865375 sending message 112 to peer 0x158048000 (13 bytes)
1747245659.865380 sending message 112 to peer 0x158048000 (13 bytes)
1747245659.865385 sending message 112 to peer 0x158048000 (13 bytes)
1747245659.865390 sending message 112 to peer 0x158048000 (10 bytes)
1747245659.865395 sending message 112 to peer 0x158048000 (13 bytes)
1747245659.865400 sending message 112 to peer 0x158048000 (12 bytes)
1747245659.865405 sending message 112 to peer 0x158048000 (12 bytes)
1747245659.865410 sending message 112 to peer 0x158048000 (12 bytes)
1747245659.865415 sending message 112 to peer 0x158048000 (10 bytes)
1747245659.865421 sending message 112 to peer 0x158048000 (10 bytes)
1747245659.865426 sending message 112 to peer 0x158048000 (10 bytes)
1747245659.865431 sending message 112 to peer 0x158048000 (12 bytes)
1747245659.865436 sending message 112 to peer 0x158048000 (13 bytes)
1747245659.865441 sending message 112 to peer 0x158048000 (13 bytes)
1747245659.865446 sending message 112 to peer 0x158048000 (13 bytes)
1747245659.865451 sending message 112 to peer 0x158048000 (13 bytes)
1747245659.865456 sending message 112 to peer 0x158048000 (13 bytes)
1747245659.865462 sending message 112 to peer 0x158048000 (10 bytes)
1747245659.865467 sending message 112 to peer 0x158048000 (11 bytes)
1747245659.865472 sending message 112 to peer 0x158048000 (12 bytes)
1747245659.865477 sending message 112 to peer 0x158048000 (12 bytes)
1747245659.865499 sending message 112 to peer 0x158048000 (12 bytes)
1747245659.865507 sending message 112 to peer 0x158048000 (12 bytes)
1747245659.865513 sending message 112 to peer 0x158048000 (12 bytes)
1747245659.865518 sending message 112 to peer 0x158048000 (11 bytes)
1747245659.865523 sending message 112 to peer 0x158048000 (12 bytes)
1747245659.865528 sending message 112 to peer 0x158048000 (12 bytes)
1747245659.865533 sending message 112 to peer 0x158048000 (13 bytes)
1747245659.865538 sending message 112 to peer 0x158048000 (13 bytes)
1747245659.865544 sending message 112 to peer 0x158048000 (13 bytes)
1747245659.865549 sending message 112 to peer 0x158048000 (13 bytes)
1747245659.865554 sending message 112 to peer 0x158048000 (13 bytes)
1747245659.865559 sending message 112 to peer 0x158048000 (10 bytes)
1747245659.865564 sending message 112 to peer 0x158048000 (9 bytes)
1747245659.865569 sending message 112 to peer 0x158048000 (12 bytes)
1747245659.865575 sending message 112 to peer 0x158048000 (13 bytes)
1747245659.865580 sending message 112 to peer 0x158048000 (13 bytes)
1747245659.865585 sending message 112 to peer 0x158048000 (13 bytes)
1747245659.865591 sending message 112 to peer 0x158048000 (13 bytes)
1747245659.865596 sending message 112 to peer 0x158048000 (13 bytes)
1747245659.865601 sending message 112 to peer 0x158048000 (9 bytes)
1747245659.865606 sending message 112 to peer 0x158048000 (12 bytes)
1747245659.865612 sending message 112 to peer 0x158048000 (13 bytes)
1747245659.865617 sending message 112 to peer 0x158048000 (13 bytes)
1747245659.865622 sending message 112 to peer 0x158048000 (13 bytes)
1747245659.865628 sending message 112 to peer 0x158048000 (13 bytes)
1747245659.865633 sending message 112 to peer 0x158048000 (13 bytes)
1747245659.865648 sending message 112 to peer 0x158048000 (11 bytes)
1747245659.865653 sending message 112 to peer 0x158048000 (12 bytes)
1747245659.865659 sending message 112 to peer 0x158048000 (13 bytes)
1747245659.865664 sending message 112 to peer 0x158048000 (13 bytes)
1747245659.865669 sending message 112 to peer 0x158048000 (13 bytes)
1747245659.865674 sending message 112 to peer 0x158048000 (13 bytes)
1747245659.865680 sending message 112 to peer 0x158048000 (13 bytes)
1747245659.865685 sending message 112 to peer 0x158048000 (11 bytes)
1747245659.865690 sending message 112 to peer 0x158048000 (12 bytes)
1747245659.865696 sending message 112 to peer 0x158048000 (12 bytes)
1747245659.865701 sending message 112 to peer 0x158048000 (12 bytes)
1747245659.865706 sending message 112 to peer 0x158048000 (12 bytes)
1747245659.865711 sending message 112 to peer 0x158048000 (12 bytes)
1747245659.865717 sending message 112 to peer 0x158048000 (21 bytes)
1747245659.865722 sending message 112 to peer 0x158048000 (12 bytes)
1747245659.865727 sending message 112 to peer 0x158048000 (9 bytes)
1747245659.865732 sending message 112 to peer 0x158048000 (6 bytes)
1747245659.865738 sending message 112 to peer 0x158048000 (13 bytes)
1747245659.865743 sending message 112 to peer 0x158048000 (10 bytes)
1747245659.865748 sending message 112 to peer 0x158048000 (24 bytes)
1747245659.865753 sending message 112 to peer 0x158048000 (13 bytes)
1747245659.865758 sending message 112 to peer 0x158048000 (9 bytes)
1747245659.865763 sending message 112 to peer 0x158048000 (70 bytes)
1747245659.865769 sending message 112 to peer 0x158048000 (69 bytes)
1747245659.865774 sending message 112 to peer 0x158048000 (12 bytes)
1747245659.865779 sending message 112 to peer 0x158048000 (10 bytes)
1747245659.865784 sending message 112 to peer 0x158048000 (10 bytes)
1747245659.865789 sending message 112 to peer 0x158048000 (24 bytes)
1747245659.865794 sending message 112 to peer 0x158048000 (13 bytes)
1747245659.865799 sending message 112 to peer 0x158048000 (10 bytes)
1747245659.865804 sending message 112 to peer 0x158048000 (10 bytes)
1747245659.865809 sending message 112 to peer 0x158048000 (10 bytes)
1747245659.865815 sending message 112 to peer 0x158048000 (13 bytes)
1747245659.865820 sending message 112 to peer 0x158048000 (15 bytes)
1747245659.865825 sending message 112 to peer 0x158048000 (5 bytes)
1747245659.865834 sending message 104 to peer 0x158048000 (0 bytes)
1747245659.865840 sending message 110 to peer 0x158048000 (0 bytes)
1747245659.865846 sending message 107 to peer 0x158048000 (4 bytes)
1747245659.865851 sending message 105 to peer 0x158048000 (20 bytes)
1747245659.865856 sending message 105 to peer 0x158048000 (22 bytes)
1747245659.865861 sending message 105 to peer 0x158048000 (12 bytes)
1747245659.865867 sending message 105 to peer 0x158048000 (21 bytes)
1747245659.865872 sending message 105 to peer 0x158048000 (72 bytes)
1747245659.865877 sending message 105 to peer 0x158048000 (15 bytes)
1747245659.865882 sending message 105 to peer 0x158048000 (60 bytes)
1747245659.865887 sending message 105 to peer 0x158048000 (18 bytes)
1747245659.865893 sending message 105 to peer 0x158048000 (17 bytes)
1747245659.865898 sending message 105 to peer 0x158048000 (8 bytes)
1747245659.865903 sending message 105 to peer 0x158048000 (17 bytes)
1747245659.865908 sending message 105 to peer 0x158048000 (32 bytes)
1747245659.865913 sending message 105 to peer 0x158048000 (96 bytes)
1747245659.865919 sending message 105 to peer 0x158048000 (92 bytes)
1747245659.865924 sending message 105 to peer 0x158048000 (37 bytes)
1747245659.865930 sending message 105 to peer 0x158048000 (11 bytes)
1747245659.865935 sending message 105 to peer 0x158048000 (304 bytes)
1747245659.865940 sending message 105 to peer 0x158048000 (34 bytes)
1747245659.865946 sending message 105 to peer 0x158048000 (16 bytes)
1747245659.865951 sending message 105 to peer 0x158048000 (24 bytes)
1747245659.865956 sending message 105 to peer 0x158048000 (15 bytes)
1747245659.865975 sending message 105 to peer 0x158048000 (8 bytes)
1747245659.865980 sending message 105 to peer 0x158048000 (66 bytes)
1747245659.865985 sending message 105 to peer 0x158048000 (20 bytes)
1747245659.865991 sending message 105 to peer 0x158048000 (67 bytes)
1747245659.865996 sending message 105 to peer 0x158048000 (18 bytes)
1747245659.866002 sending message 105 to peer 0x158048000 (25 bytes)
1747245659.866007 sending message 105 to peer 0x158048000 (57 bytes)
1747245659.866013 sending message 105 to peer 0x158048000 (42 bytes)
1747245659.866018 sending message 105 to peer 0x158048000 (15 bytes)
1747245659.866023 sending message 105 to peer 0x158048000 (14 bytes)
1747245659.866028 sending message 105 to peer 0x158048000 (14 bytes)
1747245659.866034 sending message 105 to peer 0x158048000 (14 bytes)
1747245659.866039 sending message 105 to peer 0x158048000 (19 bytes)
1747245659.866051 sending message 105 to peer 0x158048000 (31 bytes)
1747245659.866058 sending message 105 to peer 0x158048000 (42 bytes)
1747245659.866063 sending message 105 to peer 0x158048000 (38 bytes)
1747245659.866068 sending message 105 to peer 0x158048000 (105 bytes)
1747245659.866073 sending message 105 to peer 0x158048000 (25 bytes)
1747245659.866079 sending message 106 to peer 0x158048000 (0 bytes)
1747245659.866190 sending message 200 to peer 0x158048000 (4 bytes)
1747245659.866200 client loop enter
1747245659.866643 peer 0x158048000 message 303
1747245659.866656 open write file 2 -
1747245659.866682 sending message 305 to peer 0x158048000 (8 bytes)
1747245659.866695 write check file 2
1747245659.866776 peer 0x158048000 message 304
1747245659.866796 write 58 to file 2
1747245659.866835 peer 0x158048000 message 203
1747245659.866847 file 2 58 bytes left
1747245659.866869 write check file 2
1747245659.866877 client loop exit
